Unity Editor version:    2020.3.25f1 (9b9180224418)
Branch:                  2020.3/staging
Build type:              Release
Batch mode:              YES
macOS version:           Version 11.6.2 (Build 20G314)
Darwin version:          20.6.0
Architecture:            x86_64
Running under Rosetta:   NO
Available memory:        8192 MB
Using pre-set license
Pro License: NO

COMMAND LINE ARGUMENTS:
/Applications/Unity/Hub/Editor/2020.3.25f1/Unity.app/Contents/MacOS/Unity
-adb2
-batchMode
-noUpm
-name
AssetImportWorker9
-projectPath
/Users/gabumon/Desktop/Karina/GitHub/Frog_Jump
-logFile
Logs/AssetImportWorker9.log
-srvPort
49588
Successfully changed project path to: /Users/gabumon/Desktop/Karina/GitHub/Frog_Jump
/Users/gabumon/Desktop/Karina/GitHub/Frog_Jump
Using Asset Import Pipeline V2.
Refreshing native plugins compatible for Editor in 188.98 ms, found 2 plugins.
Preloading 0 native plugins for Editor in 0.00 ms.
Initialize engine version: 2020.3.25f1 (9b9180224418)
[Subsystems] Discovering subsystems at path /Applications/Unity/Hub/Editor/2020.3.25f1/Unity.app/Contents/Resources/UnitySubsystems
[Subsystems] Discovering subsystems at path /Users/gabumon/Desktop/Karina/GitHub/Frog_Jump/Assets
GfxDevice: creating device client; threaded=0
2022-01-29 20:35:31.486 Unity[1763:31010] iMac preferred device: Intel(R) Iris(TM) Pro Graphics 6200 (low power)
2022-01-29 20:35:31.486 Unity[1763:31010] Metal devices available: 1
2022-01-29 20:35:31.486 Unity[1763:31010] 0: Intel(R) Iris(TM) Pro Graphics 6200 (low power)
2022-01-29 20:35:31.486 Unity[1763:31010] Using device Intel(R) Iris(TM) Pro Graphics 6200 (low power)
Initializing Metal device caps: Intel(R) Iris(TM) Pro Graphics 6200
Initialize mono
Mono path[0] = '/Applications/Unity/Hub/Editor/2020.3.25f1/Unity.app/Contents/Managed'
Mono path[1] = '/Applications/Unity/Hub/Editor/2020.3.25f1/Unity.app/Contents/MonoBleedingEdge/lib/mono/unityjit'
Mono config path = '/Applications/Unity/Hub/Editor/2020.3.25f1/Unity.app/Contents/MonoBleedingEdge/etc'
Using monoOptions --debugger-agent=transport=dt_socket,embedding=1,server=y,suspend=n,address=127.0.0.1:56763
Begin MonoManager ReloadAssembly
Registering precompiled unity dll's ...
Register platform support module: /Applications/Unity/Hub/Editor/2020.3.25f1/PlaybackEngines/WebGLSupport/UnityEditor.WebGL.Extensions.dll
Register platform support module: /Applications/Unity/Hub/Editor/2020.3.25f1/Unity.app/Contents/PlaybackEngines/MacStandaloneSupport/UnityEditor.OSXStandalone.Extensions.dll
Registered in 0.029611 seconds.
Native extension for OSXStandalone target not found
Native extension for WebGL target not found
Refreshing native plugins compatible for Editor in 54.71 ms, found 2 plugins.
Preloading 0 native plugins for Editor in 0.00 ms.
Mono: successfully reloaded assembly
- Completed reload, in  0.888 seconds
Domain Reload Profiling:
	ReloadAssembly (888ms)
		BeginReloadAssembly (75ms)
			ExecutionOrderSort (0ms)
			DisableScriptedObjects (0ms)
			BackupInstance (0ms)
			ReleaseScriptingObjects (0ms)
			CreateAndSetChildDomain (1ms)
		EndReloadAssembly (687ms)
			LoadAssemblies (78ms)
			RebuildTransferFunctionScriptingTraits (0ms)
			SetupTypeCache (239ms)
			ReleaseScriptCaches (0ms)
			RebuildScriptCaches (47ms)
			SetupLoadedEditorAssemblies (293ms)
				LogAssemblyErrors (0ms)
				InitializePlatformSupportModulesInManaged (6ms)
				SetLoadedEditorAssemblies (0ms)
				RefreshPlugins (55ms)
				BeforeProcessingInitializeOnLoad (10ms)
				ProcessInitializeOnLoadAttributes (123ms)
				ProcessInitializeOnLoadMethodAttributes (98ms)
				AfterProcessingInitializeOnLoad (0ms)
				EditorAssembliesLoaded (0ms)
			ExecutionOrderSort2 (0ms)
			AwakeInstancesAfterBackupRestoration (0ms)
Platform modules already initialized, skipping
Registering precompiled user dll's ...
Registered in 0.095598 seconds.
Begin MonoManager ReloadAssembly
Native extension for OSXStandalone target not found
Native extension for WebGL target not found
Refreshing native plugins compatible for Editor in 55.39 ms, found 2 plugins.
Preloading 0 native plugins for Editor in 0.00 ms.
Mono: successfully reloaded assembly
- Completed reload, in  2.027 seconds
Domain Reload Profiling:
	ReloadAssembly (2044ms)
		BeginReloadAssembly (202ms)
			ExecutionOrderSort (0ms)
			DisableScriptedObjects (6ms)
			BackupInstance (0ms)
			ReleaseScriptingObjects (0ms)
			CreateAndSetChildDomain (41ms)
		EndReloadAssembly (1759ms)
			LoadAssemblies (521ms)
			RebuildTransferFunctionScriptingTraits (0ms)
			SetupTypeCache (488ms)
			ReleaseScriptCaches (1ms)
			RebuildScriptCaches (77ms)
			SetupLoadedEditorAssemblies (499ms)
				LogAssemblyErrors (0ms)
				InitializePlatformSupportModulesInManaged (46ms)
				SetLoadedEditorAssemblies (0ms)
				RefreshPlugins (55ms)
				BeforeProcessingInitializeOnLoad (80ms)
				ProcessInitializeOnLoadAttributes (271ms)
				ProcessInitializeOnLoadMethodAttributes (45ms)
				AfterProcessingInitializeOnLoad (2ms)
				EditorAssembliesLoaded (0ms)
			ExecutionOrderSort2 (0ms)
			AwakeInstancesAfterBackupRestoration (9ms)
Platform modules already initialized, skipping
Validating Project structure ... 0.000461 seconds.
Shader import version has changed; will reimport all shaders...
Upgrading shader files ...0.000524 seconds.
Application.AssetDatabase Initial Script Refresh Start
RefreshInfo: InitialScriptRefreshV2(NoUpdateAssetOptions) scanfilter:  ... 1 filters
RefreshProfiler: Total: 0.000ms
Application.AssetDatabase Initial Script Refresh End
Application.AssetDatabase.Refresh Start
Application.AssetDatabase.Refresh End
RefreshInfo: StopAssetImportingV2(ForceSynchronousImport) scanfilter: 
RefreshProfiler: Total: 0.000ms
Launching external process: /Applications/Unity/Hub/Editor/2020.3.25f1/Unity.app/Contents/Tools/UnityShaderCompiler
Launched and connected shader compiler UnityShaderCompiler after 0.08 seconds
Initializing Unity extensions:
========================================================================
Worker process is ready to serve import requests
Refreshing native plugins compatible for Editor in 0.51 ms, found 2 plugins.
Preloading 0 native plugins for Editor in 0.00 ms.
Unloading 2759 Unused Serialized files (Serialized files now loaded: 0)
System memory in use before: 225.0 MB.
System memory in use after: 224.3 MB.

Unloading 123 unused Assets to reduce memory usage. Loaded Objects now: 3230.
Total: 4.444541 ms (FindLiveObjects: 0.306045 ms CreateObjectMapping: 0.221781 ms MarkObjects: 3.331283 ms  DeleteObjects: 0.584384 ms)

AssetImportParameters requested are different than current active one (requested -> active):
  custom:video-decoder-ogg-theora: a1e56fd34408186e4bbccfd4996cb3dc -> 
  custom:container-muxer-webm: aa71ff27fc2769a1b78a27578f13a17b -> 
  custom:container-demuxer-webm: 4f35f7cbe854078d1ac9338744f61a02 -> 
  custom:container-demuxer-ogg: 62fdf1f143b41e24485cea50d1cbac27 -> 
  custom:video-encoder-webm-vp8: eb34c28f22e8b96e1ab97ce403110664 -> 
  custom:framework-osx-AVFoundation: e770b220cccbd017edd2c1fefb359320 -> 
  custom:video-decoder-webm-vp8: 9c59270c3fd7afecdb556c50c9e8de78 -> 
  custom:audio-decoder-ogg-vorbis: bf7c407c2cedff20999df2af8eb42d56 -> 
  custom:audio-encoder-webm-vorbis: bf7c407c2cedff20999df2af8eb42d56 -> 
========================================================================
Received Import Request.
  path: Assets/URP
  artifactKey: Guid(9934b7e7d95654d08a9f1fb9e614cc87) Importer(815301076,1909f56bfc062723c751e8b465ee728b)
Start importing Assets/URP using Guid(9934b7e7d95654d08a9f1fb9e614cc87) Importer(815301076,1909f56bfc062723c751e8b465ee728b)  -> (artifact id: '88e954ad189ec1a734fe475674e608eb') in 0.005684 seconds 
  Import took 0.010110 seconds .

========================================================================
Received Import Request.
  Time since last request: 11.794445 seconds.
  path: Assets/URP/UniversalRenderPipelineAsset.asset
  artifactKey: Guid(61b632d24a0a0482693a5944d6243e31) Importer(815301076,1909f56bfc062723c751e8b465ee728b)
Start importing Assets/URP/UniversalRenderPipelineAsset.asset using Guid(61b632d24a0a0482693a5944d6243e31) Importer(815301076,1909f56bfc062723c751e8b465ee728b)  -> (artifact id: '5be2cf4f81b6dbc168207c2ad5e21db4') in 1.380127 seconds 
  Import took 1.388909 seconds .

========================================================================
Received Import Request.
  Time since last request: 0.000264 seconds.
  path: Assets/URP/UniversalRenderPipelineAsset_Renderer.asset
  artifactKey: Guid(d818b43a4ade24f5bb629ec92650595f) Importer(815301076,1909f56bfc062723c751e8b465ee728b)
Start importing Assets/URP/UniversalRenderPipelineAsset_Renderer.asset using Guid(d818b43a4ade24f5bb629ec92650595f) Importer(815301076,1909f56bfc062723c751e8b465ee728b)  -> (artifact id: '2a73e0722e920f76cfa568fdc9e55810') in 0.031142 seconds 
  Import took 0.036165 seconds .

========================================================================
Received Import Request.
  Time since last request: 50.956297 seconds.
  path: Assets/Character/uploads-files-2921799-frog.fbx
  artifactKey: Guid(70fd19880bb9d4db8b10e3959acd1f18) Importer(815301076,1909f56bfc062723c751e8b465ee728b)
Start importing Assets/Character/uploads-files-2921799-frog.fbx using Guid(70fd19880bb9d4db8b10e3959acd1f18) Importer(815301076,1909f56bfc062723c751e8b465ee728b)  -> (artifact id: '4d6bcc04e94f4dfc5edd281edcd57af4') in 1.339848 seconds 
  Import took 1.348043 seconds .

========================================================================
Received Prepare
Switching render pipeline 00000000000000000000000000000000 -> 61b632d24a0a0482693a5944d6243e31
Refreshing native plugins compatible for Editor in 162.81 ms, found 2 plugins.
Preloading 0 native plugins for Editor in 0.00 ms.
Unloading 61 Unused Serialized files (Serialized files now loaded: 0)
System memory in use before: 193.9 MB.
System memory in use after: 194.2 MB.

Unloading 13 unused Assets to reduce memory usage. Loaded Objects now: 3321.
Total: 4.028808 ms (FindLiveObjects: 0.236845 ms CreateObjectMapping: 0.114483 ms MarkObjects: 3.659043 ms  DeleteObjects: 0.017501 ms)

AssetImportParameters requested are different than current active one (requested -> active):
  custom:video-decoder-ogg-theora: a1e56fd34408186e4bbccfd4996cb3dc -> 
  custom:container-muxer-webm: aa71ff27fc2769a1b78a27578f13a17b -> 
  custom:container-demuxer-webm: 4f35f7cbe854078d1ac9338744f61a02 -> 
  custom:container-demuxer-ogg: 62fdf1f143b41e24485cea50d1cbac27 -> 
  custom:video-encoder-webm-vp8: eb34c28f22e8b96e1ab97ce403110664 -> 
  custom:framework-osx-AVFoundation: e770b220cccbd017edd2c1fefb359320 -> 
  custom:video-decoder-webm-vp8: 9c59270c3fd7afecdb556c50c9e8de78 -> 
  custom:audio-decoder-ogg-vorbis: bf7c407c2cedff20999df2af8eb42d56 -> 
  custom:audio-encoder-webm-vorbis: bf7c407c2cedff20999df2af8eb42d56 -> 
========================================================================
Received Import Request.
  Time since last request: 25.485633 seconds.
  path: Assets/Character/eyes.jpg
  artifactKey: Guid(ceffa3856579d4c7ba8960200a9dce6e) Importer(815301076,1909f56bfc062723c751e8b465ee728b)
Start importing Assets/Character/eyes.jpg using Guid(ceffa3856579d4c7ba8960200a9dce6e) Importer(815301076,1909f56bfc062723c751e8b465ee728b)  -> (artifact id: 'c964742d030b66251513afea10ed9d96') in 1.758794 seconds 
  Import took 1.768400 seconds .

========================================================================
Received Import Request.
  Time since last request: 0.000311 seconds.
  path: Assets/Character/frogBody.jpg
  artifactKey: Guid(00ac0a60cb88e4d0ebb6c237de3d01c5) Importer(815301076,1909f56bfc062723c751e8b465ee728b)
Start importing Assets/Character/frogBody.jpg using Guid(00ac0a60cb88e4d0ebb6c237de3d01c5) Importer(815301076,1909f56bfc062723c751e8b465ee728b)  -> (artifact id: 'a45b50d81b599d05a84d97432a835bb4') in 0.013271 seconds 
  Import took 0.019007 seconds .

========================================================================
Received Import Request.
  Time since last request: 0.000357 seconds.
  path: Assets/Character/uploads-files-2921799-frog.fbx
  artifactKey: Guid(70fd19880bb9d4db8b10e3959acd1f18) Importer(815301076,1909f56bfc062723c751e8b465ee728b)
Start importing Assets/Character/uploads-files-2921799-frog.fbx using Guid(70fd19880bb9d4db8b10e3959acd1f18) Importer(815301076,1909f56bfc062723c751e8b465ee728b)  -> (artifact id: '73b7256e6dfae2d7c91ea4a9cc4d32a1') in 0.851644 seconds 
  Import took 0.857739 seconds .

========================================================================
Received Import Request.
  Time since last request: 767.984893 seconds.
  path: Assets/Other Assets
  artifactKey: Guid(3f6f7fc9f898344f58204d57184991f2) Importer(815301076,1909f56bfc062723c751e8b465ee728b)
Start importing Assets/Other Assets using Guid(3f6f7fc9f898344f58204d57184991f2) Importer(815301076,1909f56bfc062723c751e8b465ee728b)  -> (artifact id: '6e66b05006c595e7a68e10b06a0f2c52') in 0.002485 seconds 
  Import took 0.008154 seconds .

========================================================================
Received Import Request.
  Time since last request: 55.237354 seconds.
  path: Assets/Other Assets/BrokenVector
  artifactKey: Guid(2190bf8c7403a4cd78b7023bdb9655f7) Importer(815301076,1909f56bfc062723c751e8b465ee728b)
Start importing Assets/Other Assets/BrokenVector using Guid(2190bf8c7403a4cd78b7023bdb9655f7) Importer(815301076,1909f56bfc062723c751e8b465ee728b)  -> (artifact id: 'fa98c9a67160ce7480a67e64c38b6613') in 0.001475 seconds 
  Import took 0.007193 seconds .

========================================================================
Received Import Request.
  Time since last request: 0.755006 seconds.
  path: Assets/Other Assets/BrokenVector/LowPolyRockPack
  artifactKey: Guid(fb6ca30714ea3ea489f5394dcfaf59e1) Importer(815301076,1909f56bfc062723c751e8b465ee728b)
Start importing Assets/Other Assets/BrokenVector/LowPolyRockPack using Guid(fb6ca30714ea3ea489f5394dcfaf59e1) Importer(815301076,1909f56bfc062723c751e8b465ee728b)  -> (artifact id: '008db9b075652bd35e1d5329c4d231d1') in 0.001303 seconds 
  Import took 0.006686 seconds .

========================================================================
Received Import Request.
  Time since last request: 3.265519 seconds.
  path: Assets/Other Assets/LowlyPoly
  artifactKey: Guid(3c8183b3374a9428589ed547b9ab59b1) Importer(815301076,1909f56bfc062723c751e8b465ee728b)
Start importing Assets/Other Assets/LowlyPoly using Guid(3c8183b3374a9428589ed547b9ab59b1) Importer(815301076,1909f56bfc062723c751e8b465ee728b)  -> (artifact id: 'f8e0fc6bd6a4875638e7708df99ebd15') in 0.001479 seconds 
  Import took 0.007208 seconds .

========================================================================
Received Import Request.
  Time since last request: 1.069015 seconds.
  path: Assets/Other Assets/LowlyPoly/Free Stylized Textures
  artifactKey: Guid(07a6929d3e5614146a7abb90c8f103f3) Importer(815301076,1909f56bfc062723c751e8b465ee728b)
Start importing Assets/Other Assets/LowlyPoly/Free Stylized Textures using Guid(07a6929d3e5614146a7abb90c8f103f3) Importer(815301076,1909f56bfc062723c751e8b465ee728b)  -> (artifact id: 'e767e2413965ccd1a09aabfd54d1253f') in 0.001459 seconds 
  Import took 0.007887 seconds .

========================================================================
Received Import Request.
  Time since last request: 1.192050 seconds.
  path: Assets/Other Assets/LowlyPoly/Free Stylized Textures/Materials
  artifactKey: Guid(be4a79b8d4889a84ba17d42e930993c7) Importer(815301076,1909f56bfc062723c751e8b465ee728b)
Start importing Assets/Other Assets/LowlyPoly/Free Stylized Textures/Materials using Guid(be4a79b8d4889a84ba17d42e930993c7) Importer(815301076,1909f56bfc062723c751e8b465ee728b)  -> (artifact id: '15ee9256bf25d0f067357189aace08d9') in 0.001381 seconds 
  Import took 0.007017 seconds .

========================================================================
Received Import Request.
  Time since last request: 0.058158 seconds.
  path: Assets/Other Assets/LowlyPoly/Free Stylized Textures/Materials/Vol_2_3_Wood.mat
  artifactKey: Guid(e2782bd09fb749e4f8c457cb9c8cc6cd) Importer(815301076,1909f56bfc062723c751e8b465ee728b)
Start importing Assets/Other Assets/LowlyPoly/Free Stylized Textures/Materials/Vol_2_3_Wood.mat using Guid(e2782bd09fb749e4f8c457cb9c8cc6cd) Importer(815301076,1909f56bfc062723c751e8b465ee728b)  -> (artifact id: '5260e7b5e3854acdd688d56cd0e2ae22') in 0.610989 seconds 
  Import took 0.619498 seconds .

========================================================================
Received Import Request.
  Time since last request: 0.000370 seconds.
  path: Assets/Other Assets/LowlyPoly/Free Stylized Textures/Materials/Vol_16_2_Sand.mat
  artifactKey: Guid(49f3385eb1c319941be8623439f1eb49) Importer(815301076,1909f56bfc062723c751e8b465ee728b)
Start importing Assets/Other Assets/LowlyPoly/Free Stylized Textures/Materials/Vol_16_2_Sand.mat using Guid(49f3385eb1c319941be8623439f1eb49) Importer(815301076,1909f56bfc062723c751e8b465ee728b)  -> (artifact id: 'f5ab49092d226c364660e7fc3920e4fe') in 0.188515 seconds 
  Import took 0.194488 seconds .

========================================================================
Received Import Request.
  Time since last request: 0.000407 seconds.
  path: Assets/Other Assets/LowlyPoly/Free Stylized Textures/Materials/Vol_27_4_Lava.mat
  artifactKey: Guid(7ea77b3e49c1d61409582be7e98d0d61) Importer(815301076,1909f56bfc062723c751e8b465ee728b)
Start importing Assets/Other Assets/LowlyPoly/Free Stylized Textures/Materials/Vol_27_4_Lava.mat using Guid(7ea77b3e49c1d61409582be7e98d0d61) Importer(815301076,1909f56bfc062723c751e8b465ee728b)  -> (artifact id: 'ab7438d6345b0cddf6e55ea78388b027') in 0.342821 seconds 
  Import took 0.349291 seconds .

========================================================================
Received Import Request.
  Time since last request: 0.000555 seconds.
  path: Assets/Other Assets/LowlyPoly/Free Stylized Textures/Materials/Vol_34_2_Tiles.mat
  artifactKey: Guid(ebabfdf81fc72414f9921cfe2ed4b652) Importer(815301076,1909f56bfc062723c751e8b465ee728b)
Start importing Assets/Other Assets/LowlyPoly/Free Stylized Textures/Materials/Vol_34_2_Tiles.mat using Guid(ebabfdf81fc72414f9921cfe2ed4b652) Importer(815301076,1909f56bfc062723c751e8b465ee728b)  -> (artifact id: 'a3ada12acaec8161ab11b0a999b29a68') in 0.218392 seconds 
  Import took 0.225085 seconds .

========================================================================
Received Import Request.
  Time since last request: 0.000383 seconds.
  path: Assets/Other Assets/LowlyPoly/Free Stylized Textures/Materials/Vol_19_4_Dirt.mat
  artifactKey: Guid(d24bde530a6cd174cb70a68743168031) Importer(815301076,1909f56bfc062723c751e8b465ee728b)
Start importing Assets/Other Assets/LowlyPoly/Free Stylized Textures/Materials/Vol_19_4_Dirt.mat using Guid(d24bde530a6cd174cb70a68743168031) Importer(815301076,1909f56bfc062723c751e8b465ee728b)  -> (artifact id: 'c9395ca78ad33c1ddcc5c40c6e4106e7') in 0.192157 seconds 
  Import took 0.197500 seconds .

========================================================================
Received Import Request.
  Time since last request: 0.000399 seconds.
  path: Assets/Other Assets/LowlyPoly/Free Stylized Textures/Materials/Vol_58_1_Surface.mat
  artifactKey: Guid(e94c7625cd2e80d4e8fd19b24fc89d93) Importer(815301076,1909f56bfc062723c751e8b465ee728b)
Start importing Assets/Other Assets/LowlyPoly/Free Stylized Textures/Materials/Vol_58_1_Surface.mat using Guid(e94c7625cd2e80d4e8fd19b24fc89d93) Importer(815301076,1909f56bfc062723c751e8b465ee728b)  -> (artifact id: 'ef66748e4fd2ab5a9d2a04ce1697c81b') in 0.429528 seconds 
  Import took 0.435302 seconds .

========================================================================
Received Import Request.
  Time since last request: 0.000379 seconds.
  path: Assets/Other Assets/LowlyPoly/Free Stylized Textures/Materials/Vol_23_1_Rocks.mat
  artifactKey: Guid(43ca10b6d3421d546832de715a9d893f) Importer(815301076,1909f56bfc062723c751e8b465ee728b)
Start importing Assets/Other Assets/LowlyPoly/Free Stylized Textures/Materials/Vol_23_1_Rocks.mat using Guid(43ca10b6d3421d546832de715a9d893f) Importer(815301076,1909f56bfc062723c751e8b465ee728b)  -> (artifact id: 'f016616ae152b81162e9c987e2dd2108') in 0.199511 seconds 
  Import took 0.205447 seconds .

========================================================================
Received Import Request.
  Time since last request: 0.000378 seconds.
  path: Assets/Other Assets/LowlyPoly/Free Stylized Textures/Materials/Vol_42_1_Vegetation.mat
  artifactKey: Guid(9c3435b7cf3210044b3a24266d8aebf1) Importer(815301076,1909f56bfc062723c751e8b465ee728b)
Start importing Assets/Other Assets/LowlyPoly/Free Stylized Textures/Materials/Vol_42_1_Vegetation.mat using Guid(9c3435b7cf3210044b3a24266d8aebf1) Importer(815301076,1909f56bfc062723c751e8b465ee728b)  -> (artifact id: '5fb1a03568b60b09a8ad0b9965a06dc4') in 0.195151 seconds 
  Import took 0.201174 seconds .

========================================================================
Received Import Request.
  Time since last request: 0.000347 seconds.
  path: Assets/Other Assets/LowlyPoly/Free Stylized Textures/Materials/Vol_49_5_Rocks.mat
  artifactKey: Guid(67436367136736141b5c7e131555c4d1) Importer(815301076,1909f56bfc062723c751e8b465ee728b)
Start importing Assets/Other Assets/LowlyPoly/Free Stylized Textures/Materials/Vol_49_5_Rocks.mat using Guid(67436367136736141b5c7e131555c4d1) Importer(815301076,1909f56bfc062723c751e8b465ee728b)  -> (artifact id: '860aba580ce67e58ae666ecdffb898a4') in 0.188964 seconds 
  Import took 0.194916 seconds .

========================================================================
Received Import Request.
  Time since last request: 0.000319 seconds.
  path: Assets/Other Assets/LowlyPoly/Free Stylized Textures/Materials/Vol_67_3_Tile.mat
  artifactKey: Guid(b45a15fff385e4a46ab2bf7a9b0214e8) Importer(815301076,1909f56bfc062723c751e8b465ee728b)
Start importing Assets/Other Assets/LowlyPoly/Free Stylized Textures/Materials/Vol_67_3_Tile.mat using Guid(b45a15fff385e4a46ab2bf7a9b0214e8) Importer(815301076,1909f56bfc062723c751e8b465ee728b)  -> (artifact id: '35ca5c2ad2b45aab73975b703be5621f') in 0.204605 seconds 
  Import took 0.210771 seconds .

========================================================================
Received Import Request.
  Time since last request: 0.000449 seconds.
  path: Assets/Other Assets/LowlyPoly/Free Stylized Textures/Materials/Vol_81_3_Sci-fi.mat
  artifactKey: Guid(d12d326c7ff660a40aed23b21d98c6ad) Importer(815301076,1909f56bfc062723c751e8b465ee728b)
Start importing Assets/Other Assets/LowlyPoly/Free Stylized Textures/Materials/Vol_81_3_Sci-fi.mat using Guid(d12d326c7ff660a40aed23b21d98c6ad) Importer(815301076,1909f56bfc062723c751e8b465ee728b)  -> (artifact id: '548eabf520c27017cea8b4aedfe0bd2e') in 0.203006 seconds 
  Import took 0.208936 seconds .

========================================================================
Received Import Request.
  Time since last request: 0.000370 seconds.
  path: Assets/Other Assets/LowlyPoly/Free Stylized Textures/Materials/Vol_7_1_Tiles.mat
  artifactKey: Guid(d7345edb353d0794296950a9adb3ad4d) Importer(815301076,1909f56bfc062723c751e8b465ee728b)
Start importing Assets/Other Assets/LowlyPoly/Free Stylized Textures/Materials/Vol_7_1_Tiles.mat using Guid(d7345edb353d0794296950a9adb3ad4d) Importer(815301076,1909f56bfc062723c751e8b465ee728b)  -> (artifact id: 'e9d2189c81ecd6e1fce42760c5b9c7a4') in 0.190391 seconds 
  Import took 0.196181 seconds .

========================================================================
Received Import Request.
  Time since last request: 0.000433 seconds.
  path: Assets/Other Assets/LowlyPoly/Free Stylized Textures/Materials/Vol_100_1_Pixel.mat
  artifactKey: Guid(b1a8a6908ca5ad247ad05e4d89150386) Importer(815301076,1909f56bfc062723c751e8b465ee728b)
Start importing Assets/Other Assets/LowlyPoly/Free Stylized Textures/Materials/Vol_100_1_Pixel.mat using Guid(b1a8a6908ca5ad247ad05e4d89150386) Importer(815301076,1909f56bfc062723c751e8b465ee728b)  -> (artifact id: 'e44a629f85a831c99fa2111a088d083a') in 0.220719 seconds 
  Import took 0.226704 seconds .

========================================================================
Received Import Request.
  Time since last request: 0.000552 seconds.
  path: Assets/Other Assets/LowlyPoly/Free Stylized Textures/Materials/Vol_26_2_Cliffs.mat
  artifactKey: Guid(0c2d13c3615510e4a8debaef5c39c3de) Importer(815301076,1909f56bfc062723c751e8b465ee728b)
Start importing Assets/Other Assets/LowlyPoly/Free Stylized Textures/Materials/Vol_26_2_Cliffs.mat using Guid(0c2d13c3615510e4a8debaef5c39c3de) Importer(815301076,1909f56bfc062723c751e8b465ee728b)  -> (artifact id: 'f29d64b19ccfa5527a28584921cd4a21') in 0.200212 seconds 
  Import took 0.206174 seconds .

========================================================================
Received Import Request.
  Time since last request: 0.000360 seconds.
  path: Assets/Other Assets/LowlyPoly/Free Stylized Textures/Materials/Vol_79_5_Sci-fi.mat
  artifactKey: Guid(378426c27b3a38f4f9e38126b22973fc) Importer(815301076,1909f56bfc062723c751e8b465ee728b)
Start importing Assets/Other Assets/LowlyPoly/Free Stylized Textures/Materials/Vol_79_5_Sci-fi.mat using Guid(378426c27b3a38f4f9e38126b22973fc) Importer(815301076,1909f56bfc062723c751e8b465ee728b)  -> (artifact id: '5cd422878eb72e80aa7e0b5a510e154a') in 0.204110 seconds 
  Import took 0.209764 seconds .

========================================================================
Received Import Request.
  Time since last request: 0.000363 seconds.
  path: Assets/Other Assets/LowlyPoly/Free Stylized Textures/Materials/Vol_35_3_Lava.mat
  artifactKey: Guid(b7bcd7c6b3acb3241b0d5af1a358b19b) Importer(815301076,1909f56bfc062723c751e8b465ee728b)
Start importing Assets/Other Assets/LowlyPoly/Free Stylized Textures/Materials/Vol_35_3_Lava.mat using Guid(b7bcd7c6b3acb3241b0d5af1a358b19b) Importer(815301076,1909f56bfc062723c751e8b465ee728b)  -> (artifact id: '4dc0e75e0b74a2a94d4766356c41df91') in 0.217527 seconds 
  Import took 0.223320 seconds .

========================================================================
Received Import Request.
  Time since last request: 0.000382 seconds.
  path: Assets/Other Assets/LowlyPoly/Free Stylized Textures/Materials/Vol_30_3_Roofs.mat
  artifactKey: Guid(78f6c3f1d47eef84f9ee5e607fad4c0c) Importer(815301076,1909f56bfc062723c751e8b465ee728b)
Start importing Assets/Other Assets/LowlyPoly/Free Stylized Textures/Materials/Vol_30_3_Roofs.mat using Guid(78f6c3f1d47eef84f9ee5e607fad4c0c) Importer(815301076,1909f56bfc062723c751e8b465ee728b)  -> (artifact id: '31e661c0140286097c68ba60a001529a') in 0.190662 seconds 
  Import took 0.196903 seconds .

========================================================================
Received Import Request.
  Time since last request: 0.000423 seconds.
  path: Assets/Other Assets/LowlyPoly/Free Stylized Textures/Materials/Vol_18_2_Metals.mat
  artifactKey: Guid(118675f9ee3b22c43a2f8841d6206b1b) Importer(815301076,1909f56bfc062723c751e8b465ee728b)
Start importing Assets/Other Assets/LowlyPoly/Free Stylized Textures/Materials/Vol_18_2_Metals.mat using Guid(118675f9ee3b22c43a2f8841d6206b1b) Importer(815301076,1909f56bfc062723c751e8b465ee728b)  -> (artifact id: '39b468d3ce3e99a07873a6bf246c70f8') in 0.197049 seconds 
  Import took 0.202434 seconds .

========================================================================
Received Import Request.
  Time since last request: 0.000418 seconds.
  path: Assets/Other Assets/LowlyPoly/Free Stylized Textures/Materials/Vol_46_2_Tiles.mat
  artifactKey: Guid(7f46efa3bb98bb44ea780a4a417b4f75) Importer(815301076,1909f56bfc062723c751e8b465ee728b)
Start importing Assets/Other Assets/LowlyPoly/Free Stylized Textures/Materials/Vol_46_2_Tiles.mat using Guid(7f46efa3bb98bb44ea780a4a417b4f75) Importer(815301076,1909f56bfc062723c751e8b465ee728b)  -> (artifact id: 'd7c46d187b289bda7c0711a3c86c2138') in 0.198309 seconds 
  Import took 0.204015 seconds .

========================================================================
Received Import Request.
  Time since last request: 0.000361 seconds.
  path: Assets/Other Assets/LowlyPoly/Free Stylized Textures/Materials/Vol_36_5_Water.mat
  artifactKey: Guid(490c25b2fda35fc4582a9582c4179ad5) Importer(815301076,1909f56bfc062723c751e8b465ee728b)
Start importing Assets/Other Assets/LowlyPoly/Free Stylized Textures/Materials/Vol_36_5_Water.mat using Guid(490c25b2fda35fc4582a9582c4179ad5) Importer(815301076,1909f56bfc062723c751e8b465ee728b)  -> (artifact id: 'f7e23ffa5ff2c2b47c929565fc8fc8f1') in 0.182321 seconds 
  Import took 0.187963 seconds .

========================================================================
Received Import Request.
  Time since last request: 164.354928 seconds.
  path: Assets/Other Assets/BrokenVector/LowPolyRockPack/Prefabs
  artifactKey: Guid(79d1a871533b28849beed9b359cca993) Importer(815301076,1909f56bfc062723c751e8b465ee728b)
Start importing Assets/Other Assets/BrokenVector/LowPolyRockPack/Prefabs using Guid(79d1a871533b28849beed9b359cca993) Importer(815301076,1909f56bfc062723c751e8b465ee728b)  -> (artifact id: 'd6d082f32ae306aab864b7c84e4f8079') in 0.001029 seconds 
  Import took 0.006051 seconds .

========================================================================
Received Import Request.
  Time since last request: 0.044206 seconds.
  path: Assets/Other Assets/BrokenVector/LowPolyRockPack/Prefabs/Rock Type1 01.prefab
  artifactKey: Guid(75283e9ef15245c4aab126ec6525dd2a) Importer(815301076,1909f56bfc062723c751e8b465ee728b)
Start importing Assets/Other Assets/BrokenVector/LowPolyRockPack/Prefabs/Rock Type1 01.prefab using Guid(75283e9ef15245c4aab126ec6525dd2a) Importer(815301076,1909f56bfc062723c751e8b465ee728b)  -> (artifact id: '9bf941d69681026939558c2810144e86') in 0.286140 seconds 
  Import took 0.293257 seconds .

========================================================================
Received Import Request.
  Time since last request: 0.000343 seconds.
  path: Assets/Other Assets/BrokenVector/LowPolyRockPack/Prefabs/Rock Type2 04.prefab
  artifactKey: Guid(5578b82f17c954843901e8b68ca21dcc) Importer(815301076,1909f56bfc062723c751e8b465ee728b)
Start importing Assets/Other Assets/BrokenVector/LowPolyRockPack/Prefabs/Rock Type2 04.prefab using Guid(5578b82f17c954843901e8b68ca21dcc) Importer(815301076,1909f56bfc062723c751e8b465ee728b)  -> (artifact id: 'cc2cee088de0b3791b06ed026a1be226') in 0.033823 seconds 
  Import took 0.038920 seconds .

========================================================================
Received Import Request.
  Time since last request: 0.000275 seconds.
  path: Assets/Other Assets/BrokenVector/LowPolyRockPack/Prefabs/Rock Type3 04.prefab
  artifactKey: Guid(ace40d2a4a1290f4f96f01a7e4ecd7f7) Importer(815301076,1909f56bfc062723c751e8b465ee728b)
Start importing Assets/Other Assets/BrokenVector/LowPolyRockPack/Prefabs/Rock Type3 04.prefab using Guid(ace40d2a4a1290f4f96f01a7e4ecd7f7) Importer(815301076,1909f56bfc062723c751e8b465ee728b)  -> (artifact id: 'a1f127fbcfc1270c3fa2c21a18761973') in 0.039867 seconds 
  Import took 0.045108 seconds .

========================================================================
Received Import Request.
  Time since last request: 0.000296 seconds.
  path: Assets/Other Assets/BrokenVector/LowPolyRockPack/Prefabs/Rock Type2 02.prefab
  artifactKey: Guid(41dcf1459594f434a8a9bae6ae03eab0) Importer(815301076,1909f56bfc062723c751e8b465ee728b)
Start importing Assets/Other Assets/BrokenVector/LowPolyRockPack/Prefabs/Rock Type2 02.prefab using Guid(41dcf1459594f434a8a9bae6ae03eab0) Importer(815301076,1909f56bfc062723c751e8b465ee728b)  -> (artifact id: 'e517f44ca67e7a526e57b86bc1d2b833') in 0.049856 seconds 
  Import took 0.067406 seconds .

========================================================================
Received Import Request.
  Time since last request: 0.000291 seconds.
  path: Assets/Other Assets/BrokenVector/LowPolyRockPack/Prefabs/Rock Type4 04.prefab
  artifactKey: Guid(ccbe3c5efe0bbed4bbe4b8651efb2db8) Importer(815301076,1909f56bfc062723c751e8b465ee728b)
Start importing Assets/Other Assets/BrokenVector/LowPolyRockPack/Prefabs/Rock Type4 04.prefab using Guid(ccbe3c5efe0bbed4bbe4b8651efb2db8) Importer(815301076,1909f56bfc062723c751e8b465ee728b)  -> (artifact id: '433e6655a16538cd79add29921045a73') in 0.070109 seconds 
  Import took 0.074616 seconds .

========================================================================
Received Import Request.
  Time since last request: 0.000271 seconds.
  path: Assets/Other Assets/BrokenVector/LowPolyRockPack/Prefabs/Rock Type6 03.prefab
  artifactKey: Guid(48333a5aa700be24c963813c82ef05d9) Importer(815301076,1909f56bfc062723c751e8b465ee728b)
Start importing Assets/Other Assets/BrokenVector/LowPolyRockPack/Prefabs/Rock Type6 03.prefab using Guid(48333a5aa700be24c963813c82ef05d9) Importer(815301076,1909f56bfc062723c751e8b465ee728b)  -> (artifact id: '60ff93bf2e1682b62f4c57d00c05a004') in 0.011561 seconds 
  Import took 0.015874 seconds .

========================================================================
Received Import Request.
  Time since last request: 0.000235 seconds.
  path: Assets/Other Assets/BrokenVector/LowPolyRockPack/Prefabs/Rock Type6 02.prefab
  artifactKey: Guid(bcd44f8d0f766b340b72d555a8df8a72) Importer(815301076,1909f56bfc062723c751e8b465ee728b)
Start importing Assets/Other Assets/BrokenVector/LowPolyRockPack/Prefabs/Rock Type6 02.prefab using Guid(bcd44f8d0f766b340b72d555a8df8a72) Importer(815301076,1909f56bfc062723c751e8b465ee728b)  -> (artifact id: '108ef828ba7ed36a6b130cc400f772a2') in 0.015390 seconds 
  Import took 0.019540 seconds .

========================================================================
Received Import Request.
  Time since last request: 0.000250 seconds.
  path: Assets/Other Assets/BrokenVector/LowPolyRockPack/Prefabs/Rock Type1 03.prefab
  artifactKey: Guid(85f4229977c9ee247bc4425710c5b0c4) Importer(815301076,1909f56bfc062723c751e8b465ee728b)
Start importing Assets/Other Assets/BrokenVector/LowPolyRockPack/Prefabs/Rock Type1 03.prefab using Guid(85f4229977c9ee247bc4425710c5b0c4) Importer(815301076,1909f56bfc062723c751e8b465ee728b)  -> (artifact id: 'ffbe5b4ee79e652fac4479a2a003ff60') in 0.031861 seconds 
  Import took 0.036243 seconds .

========================================================================
Received Import Request.
  Time since last request: 0.000251 seconds.
  path: Assets/Other Assets/BrokenVector/LowPolyRockPack/Prefabs/Rock Type1 04.prefab
  artifactKey: Guid(105b83a46d287294bbe7892a1e1f2ea3) Importer(815301076,1909f56bfc062723c751e8b465ee728b)
Start importing Assets/Other Assets/BrokenVector/LowPolyRockPack/Prefabs/Rock Type1 04.prefab using Guid(105b83a46d287294bbe7892a1e1f2ea3) Importer(815301076,1909f56bfc062723c751e8b465ee728b)  -> (artifact id: '130837925f7a7256e49ef3c39131b090') in 0.037918 seconds 
  Import took 0.045148 seconds .

========================================================================
Received Import Request.
  Time since last request: 0.000371 seconds.
  path: Assets/Other Assets/BrokenVector/LowPolyRockPack/Prefabs/Rock Type4 01.prefab
  artifactKey: Guid(e9661e4c2bfea8344a07064944abe034) Importer(815301076,1909f56bfc062723c751e8b465ee728b)
Start importing Assets/Other Assets/BrokenVector/LowPolyRockPack/Prefabs/Rock Type4 01.prefab using Guid(e9661e4c2bfea8344a07064944abe034) Importer(815301076,1909f56bfc062723c751e8b465ee728b)  -> (artifact id: '62c1031215411520431a3adc836a9c8f') in 0.013979 seconds 
  Import took 0.019420 seconds .

========================================================================
Received Import Request.
  Time since last request: 0.000547 seconds.
  path: Assets/Other Assets/BrokenVector/LowPolyRockPack/Prefabs/Rock Type3 02.prefab
  artifactKey: Guid(61b490990a08faa419b1bb6a6708ad09) Importer(815301076,1909f56bfc062723c751e8b465ee728b)
Start importing Assets/Other Assets/BrokenVector/LowPolyRockPack/Prefabs/Rock Type3 02.prefab using Guid(61b490990a08faa419b1bb6a6708ad09) Importer(815301076,1909f56bfc062723c751e8b465ee728b)  -> (artifact id: 'e2855e34260fbb66a984032d0a55bcf8') in 0.036357 seconds 
  Import took 0.041493 seconds .

========================================================================
Received Import Request.
  Time since last request: 0.002546 seconds.
  path: Assets/Other Assets/BrokenVector/LowPolyRockPack/Prefabs/Rock Type6 04.prefab
  artifactKey: Guid(7710ce4a7ee932b4a86742119e3babae) Importer(815301076,1909f56bfc062723c751e8b465ee728b)
Start importing Assets/Other Assets/BrokenVector/LowPolyRockPack/Prefabs/Rock Type6 04.prefab using Guid(7710ce4a7ee932b4a86742119e3babae) Importer(815301076,1909f56bfc062723c751e8b465ee728b)  -> (artifact id: 'a16d11bb9ea563b9eec0134f5df5fbc9') in 0.011852 seconds 
  Import took 0.016287 seconds .

========================================================================
Received Import Request.
  Time since last request: 0.000270 seconds.
  path: Assets/Other Assets/BrokenVector/LowPolyRockPack/Prefabs/Rock Type3 01.prefab
  artifactKey: Guid(b73c6c1069411b947aaaa9d12c37c652) Importer(815301076,1909f56bfc062723c751e8b465ee728b)
Start importing Assets/Other Assets/BrokenVector/LowPolyRockPack/Prefabs/Rock Type3 01.prefab using Guid(b73c6c1069411b947aaaa9d12c37c652) Importer(815301076,1909f56bfc062723c751e8b465ee728b)  -> (artifact id: '3d908dfc6553eb044294c5c902000efc') in 0.034573 seconds 
  Import took 0.039292 seconds .

========================================================================
Received Import Request.
  Time since last request: 0.000241 seconds.
  path: Assets/Other Assets/BrokenVector/LowPolyRockPack/Prefabs/Rock Type5 03.prefab
  artifactKey: Guid(1fdb4e5d510354f43bcd6ed13b8eb3be) Importer(815301076,1909f56bfc062723c751e8b465ee728b)
Start importing Assets/Other Assets/BrokenVector/LowPolyRockPack/Prefabs/Rock Type5 03.prefab using Guid(1fdb4e5d510354f43bcd6ed13b8eb3be) Importer(815301076,1909f56bfc062723c751e8b465ee728b)  -> (artifact id: 'cd3c74ace9adef017f0972d1dfe9e38a') in 0.013598 seconds 
  Import took 0.019046 seconds .

========================================================================
Received Import Request.
  Time since last request: 0.000234 seconds.
  path: Assets/Other Assets/BrokenVector/LowPolyRockPack/Prefabs/Rock Type2 01.prefab
  artifactKey: Guid(2d521608fcf07c346b5e2ed4049aa717) Importer(815301076,1909f56bfc062723c751e8b465ee728b)
Start importing Assets/Other Assets/BrokenVector/LowPolyRockPack/Prefabs/Rock Type2 01.prefab using Guid(2d521608fcf07c346b5e2ed4049aa717) Importer(815301076,1909f56bfc062723c751e8b465ee728b)  -> (artifact id: '14d1f562cc8448d58cf81ec020fa5c60') in 0.028676 seconds 
  Import took 0.033744 seconds .

========================================================================
Received Import Request.
  Time since last request: 0.000251 seconds.
  path: Assets/Other Assets/BrokenVector/LowPolyRockPack/Prefabs/Rock Type1 02.prefab
  artifactKey: Guid(dc8f0d303746c2a4b89ee60884906304) Importer(815301076,1909f56bfc062723c751e8b465ee728b)
Start importing Assets/Other Assets/BrokenVector/LowPolyRockPack/Prefabs/Rock Type1 02.prefab using Guid(dc8f0d303746c2a4b89ee60884906304) Importer(815301076,1909f56bfc062723c751e8b465ee728b)  -> (artifact id: '07606d144c44555b4d0fcc3977fb7499') in 0.014850 seconds 
  Import took 0.019674 seconds .

========================================================================
Received Import Request.
  Time since last request: 0.000243 seconds.
  path: Assets/Other Assets/BrokenVector/LowPolyRockPack/Prefabs/Rock Type3 03.prefab
  artifactKey: Guid(be320b6d231cacc4894038f2c3375674) Importer(815301076,1909f56bfc062723c751e8b465ee728b)
Start importing Assets/Other Assets/BrokenVector/LowPolyRockPack/Prefabs/Rock Type3 03.prefab using Guid(be320b6d231cacc4894038f2c3375674) Importer(815301076,1909f56bfc062723c751e8b465ee728b)  -> (artifact id: 'c2076207168b9a3cae58fd6739e339ce') in 0.010870 seconds 
  Import took 0.030678 seconds .

========================================================================
Received Import Request.
  Time since last request: 0.000655 seconds.
  path: Assets/Other Assets/BrokenVector/LowPolyRockPack/Prefabs/Rock Type4 03.prefab
  artifactKey: Guid(491333d4c0bd88148813a9dde7fe955b) Importer(815301076,1909f56bfc062723c751e8b465ee728b)
Start importing Assets/Other Assets/BrokenVector/LowPolyRockPack/Prefabs/Rock Type4 03.prefab using Guid(491333d4c0bd88148813a9dde7fe955b) Importer(815301076,1909f56bfc062723c751e8b465ee728b)  -> (artifact id: '1c4275599b5b6dda8caf16812a3116b7') in 0.011217 seconds 
  Import took 0.017425 seconds .

========================================================================
Received Import Request.
  Time since last request: 0.000353 seconds.
  path: Assets/Other Assets/BrokenVector/LowPolyRockPack/Prefabs/Rock Type5 04.prefab
  artifactKey: Guid(329d0b0187f24cd4da9f775d83708bd6) Importer(815301076,1909f56bfc062723c751e8b465ee728b)
Start importing Assets/Other Assets/BrokenVector/LowPolyRockPack/Prefabs/Rock Type5 04.prefab using Guid(329d0b0187f24cd4da9f775d83708bd6) Importer(815301076,1909f56bfc062723c751e8b465ee728b)  -> (artifact id: 'af1cb28c7eab5e17f3a70e384f3686f1') in 0.011078 seconds 
  Import took 0.031897 seconds .

========================================================================
Received Import Request.
  Time since last request: 0.000948 seconds.
  path: Assets/Other Assets/BrokenVector/LowPolyRockPack/Prefabs/Rock Type5 01.prefab
  artifactKey: Guid(e9cb95ee3e55d914bbd4e5eb2d0a510c) Importer(815301076,1909f56bfc062723c751e8b465ee728b)
Start importing Assets/Other Assets/BrokenVector/LowPolyRockPack/Prefabs/Rock Type5 01.prefab using Guid(e9cb95ee3e55d914bbd4e5eb2d0a510c) Importer(815301076,1909f56bfc062723c751e8b465ee728b)  -> (artifact id: '8f5969477f8b8441f212f7b6b3b4281f') in 0.011936 seconds 
  Import took 0.016851 seconds .

========================================================================
Received Import Request.
  Time since last request: 0.000226 seconds.
  path: Assets/Other Assets/BrokenVector/LowPolyRockPack/Prefabs/Rock Type4 02.prefab
  artifactKey: Guid(3a699487877e77b439ff09deb77625e5) Importer(815301076,1909f56bfc062723c751e8b465ee728b)
Start importing Assets/Other Assets/BrokenVector/LowPolyRockPack/Prefabs/Rock Type4 02.prefab using Guid(3a699487877e77b439ff09deb77625e5) Importer(815301076,1909f56bfc062723c751e8b465ee728b)  -> (artifact id: 'bf4644008d421827e6bd7d458d750143') in 0.041120 seconds 
  Import took 0.045679 seconds .

========================================================================
Received Import Request.
  Time since last request: 0.000446 seconds.
  path: Assets/Other Assets/BrokenVector/LowPolyRockPack/Prefabs/Rock Type6 01.prefab
  artifactKey: Guid(78a4b58c8edc1884e932497bbb0da899) Importer(815301076,1909f56bfc062723c751e8b465ee728b)
Start importing Assets/Other Assets/BrokenVector/LowPolyRockPack/Prefabs/Rock Type6 01.prefab using Guid(78a4b58c8edc1884e932497bbb0da899) Importer(815301076,1909f56bfc062723c751e8b465ee728b)  -> (artifact id: '72120a46119cecd58b12c3af2f241256') in 0.011855 seconds 
  Import took 0.016793 seconds .

========================================================================
Received Import Request.
  Time since last request: 0.000206 seconds.
  path: Assets/Other Assets/BrokenVector/LowPolyRockPack/Prefabs/Rock Type2 03.prefab
  artifactKey: Guid(36cf43d46aeb7494b82aa54d61da3bd7) Importer(815301076,1909f56bfc062723c751e8b465ee728b)
Start importing Assets/Other Assets/BrokenVector/LowPolyRockPack/Prefabs/Rock Type2 03.prefab using Guid(36cf43d46aeb7494b82aa54d61da3bd7) Importer(815301076,1909f56bfc062723c751e8b465ee728b)  -> (artifact id: 'fca1076fdfadad6d9a0e4a578636b5ed') in 0.028331 seconds 
  Import took 0.033004 seconds .

========================================================================
Received Import Request.
  Time since last request: 0.000441 seconds.
  path: Assets/Other Assets/BrokenVector/LowPolyRockPack/Prefabs/Rock Type5 02.prefab
  artifactKey: Guid(f584b275cfb132f48a2ec91fd9d1b576) Importer(815301076,1909f56bfc062723c751e8b465ee728b)
Start importing Assets/Other Assets/BrokenVector/LowPolyRockPack/Prefabs/Rock Type5 02.prefab using Guid(f584b275cfb132f48a2ec91fd9d1b576) Importer(815301076,1909f56bfc062723c751e8b465ee728b)  -> (artifact id: 'adf1c550dfd58521e6813c8d69875a14') in 0.010427 seconds 
  Import took 0.014754 seconds .

========================================================================
Received Prepare
Registering precompiled user dll's ...
Registered in 0.137137 seconds.
Begin MonoManager ReloadAssembly
Native extension for OSXStandalone target not found
Native extension for WebGL target not found
Refreshing native plugins compatible for Editor in 0.79 ms, found 2 plugins.
Preloading 0 native plugins for Editor in 0.00 ms.
Mono: successfully reloaded assembly
- Completed reload, in  3.656 seconds
Domain Reload Profiling:
	ReloadAssembly (3681ms)
		BeginReloadAssembly (316ms)
			ExecutionOrderSort (0ms)
			DisableScriptedObjects (9ms)
			BackupInstance (0ms)
			ReleaseScriptingObjects (0ms)
			CreateAndSetChildDomain (104ms)
		EndReloadAssembly (3279ms)
			LoadAssemblies (1405ms)
			RebuildTransferFunctionScriptingTraits (0ms)
			SetupTypeCache (503ms)
			ReleaseScriptCaches (1ms)
			RebuildScriptCaches (67ms)
			SetupLoadedEditorAssemblies (641ms)
				LogAssemblyErrors (0ms)
				InitializePlatformSupportModulesInManaged (5ms)
				SetLoadedEditorAssemblies (1ms)
				RefreshPlugins (1ms)
				BeforeProcessingInitializeOnLoad (135ms)
				ProcessInitializeOnLoadAttributes (296ms)
				ProcessInitializeOnLoadMethodAttributes (202ms)
				AfterProcessingInitializeOnLoad (2ms)
				EditorAssembliesLoaded (0ms)
			ExecutionOrderSort2 (0ms)
			AwakeInstancesAfterBackupRestoration (22ms)
Platform modules already initialized, skipping
Refreshing native plugins compatible for Editor in 0.76 ms, found 2 plugins.
Preloading 0 native plugins for Editor in 0.00 ms.
Unloading 2697 Unused Serialized files (Serialized files now loaded: 0)
System memory in use before: 262.9 MB.
System memory in use after: 263.1 MB.

Unloading 16 unused Assets to reduce memory usage. Loaded Objects now: 3365.
Total: 3.815835 ms (FindLiveObjects: 0.220132 ms CreateObjectMapping: 0.149626 ms MarkObjects: 3.412512 ms  DeleteObjects: 0.032472 ms)

AssetImportParameters requested are different than current active one (requested -> active):
  custom:video-decoder-ogg-theora: a1e56fd34408186e4bbccfd4996cb3dc -> 
  custom:container-muxer-webm: aa71ff27fc2769a1b78a27578f13a17b -> 
  custom:container-demuxer-webm: 4f35f7cbe854078d1ac9338744f61a02 -> 
  custom:container-demuxer-ogg: 62fdf1f143b41e24485cea50d1cbac27 -> 
  custom:video-encoder-webm-vp8: eb34c28f22e8b96e1ab97ce403110664 -> 
  custom:framework-osx-AVFoundation: e770b220cccbd017edd2c1fefb359320 -> 
  custom:video-decoder-webm-vp8: 9c59270c3fd7afecdb556c50c9e8de78 -> 
  custom:audio-decoder-ogg-vorbis: bf7c407c2cedff20999df2af8eb42d56 -> 
  custom:audio-encoder-webm-vorbis: bf7c407c2cedff20999df2af8eb42d56 -> 
========================================================================
Received Import Request.
  Time since last request: 496.963354 seconds.
  path: Assets/Scripts/Activate block.cs
  artifactKey: Guid(0dfd4b69b5a9a4b08be713e869eea16d) Importer(815301076,1909f56bfc062723c751e8b465ee728b)
Start importing Assets/Scripts/Activate block.cs using Guid(0dfd4b69b5a9a4b08be713e869eea16d) Importer(815301076,1909f56bfc062723c751e8b465ee728b)  -> (artifact id: '7c4e652ef40c9f1b6d86090dbbcd6adf') in 6.364930 seconds 
  Import took 6.536598 seconds .

========================================================================
Received Import Request.
  Time since last request: 3.402359 seconds.
  path: Assets/Scripts/ActivateBlock.cs
  artifactKey: Guid(0dfd4b69b5a9a4b08be713e869eea16d) Importer(815301076,1909f56bfc062723c751e8b465ee728b)
Start importing Assets/Scripts/ActivateBlock.cs using Guid(0dfd4b69b5a9a4b08be713e869eea16d) Importer(815301076,1909f56bfc062723c751e8b465ee728b)  -> (artifact id: 'fe5f97cfbd0ea95ea7c9817fb5d72a20') in 0.047710 seconds 
  Import took 0.054647 seconds .

